<?xml version="1.0" encoding="UTF-8"?>
<testsuite name="com.selenium.TestNG" tests="1" skipped="0" failures="0" errors="0" timestamp="2020-01-14T11:51:28" hostname="admin" time="0.006">
  <properties/>
  <testcase name="testName" classname="com.selenium.TestNG" time="0.006"/>
  <system-out><![CDATA[Before
]]></system-out>
  <system-err><![CDATA[]]></system-err>
</testsuite>
